<?xml version="1.0" encoding="UTF-8"?>
<testng-results skipped="0" failed="0" total="1" passed="1">
  <reporter-output>
  </reporter-output>
  <suite name="Suite" duration-ms="37" started-at="2018-03-10T00:24:57Z" finished-at="2018-03-10T00:24:57Z">
    <groups>
    </groups>
    <test name="Test" duration-ms="37" started-at="2018-03-10T00:24:57Z" finished-at="2018-03-10T00:24:57Z">
      <class name="com.eCommer.pages.OneClass">
        <test-method status="PASS" signature="firstOne()" name="firstOne" duration-ms="18" started-at="2018-03-10T00:24:57Z" finished-at="2018-03-10T00:24:57Z">
        </test-method>
      </class>
    </test>
  </suite>
</testng-results>
